==> device:  cuda
==> Epoch: 000
Epoch: 000 | Loss: 5.432 | Training time: 2m41s
Epoch: 000 | Loss: 4.749 | Validation time: 27s35ms
Epoch: 000 | Loss: 4.696 | Testing time: 26s787ms
Epoch: 000 | Bleu scores: 29.084 | 16.939 | 8.269 | 3.468 | Evaluation time: 48s192ms
Epoch: 000 | Bleu scores: 30.450 | 17.904 | 8.624 | 3.430 | Evaluation time: 48s897ms
==> Saving...
==> Drawing samples...
==> Epoch: 001
Epoch: 001 | Loss: 4.406 | Training time: 2m40s
Epoch: 001 | Loss: 4.399 | Validation time: 27s76ms
Epoch: 001 | Loss: 4.346 | Testing time: 27s449ms
Epoch: 001 | Bleu scores: 57.298 | 39.426 | 24.721 | 14.569 | Evaluation time: 45s616ms
Epoch: 001 | Bleu scores: 58.674 | 41.250 | 26.460 | 16.499 | Evaluation time: 40s134ms
==> Saving...
==> Drawing samples...
==> Epoch: 002
Epoch: 002 | Loss: 4.083 | Training time: 2m39s
Epoch: 002 | Loss: 4.314 | Validation time: 27s56ms
Epoch: 002 | Loss: 4.265 | Testing time: 26s872ms
Epoch: 002 | Bleu scores: 59.391 | 41.038 | 26.335 | 16.111 | Evaluation time: 37s647ms
Epoch: 002 | Bleu scores: 60.494 | 42.121 | 27.237 | 17.029 | Evaluation time: 41s306ms
==> Saving...
==> Drawing samples...
==> Epoch: 003
Epoch: 003 | Loss: 3.874 | Training time: 2m42s
Epoch: 003 | Loss: 4.255 | Validation time: 28s392ms
Epoch: 003 | Loss: 4.211 | Testing time: 28s77ms
Epoch: 003 | Bleu scores: 59.193 | 40.275 | 25.615 | 15.893 | Evaluation time: 30s578ms
Epoch: 003 | Bleu scores: 59.148 | 40.856 | 26.449 | 16.457 | Evaluation time: 25s20ms
==> Epoch: 004
Epoch: 004 | Loss: 3.716 | Training time: 2m46s
Epoch: 004 | Loss: 4.216 | Validation time: 27s238ms
Epoch: 004 | Loss: 4.171 | Testing time: 27s681ms
Epoch: 004 | Bleu scores: 59.990 | 41.572 | 27.090 | 16.978 | Evaluation time: 27s745ms
Epoch: 004 | Bleu scores: 60.724 | 42.611 | 28.121 | 17.836 | Evaluation time: 28s301ms
==> Saving...
==> Drawing samples...
==> Epoch: 005
Epoch: 005 | Loss: 3.588 | Training time: 2m40s
Epoch: 005 | Loss: 4.210 | Validation time: 27s93ms
Epoch: 005 | Loss: 4.165 | Testing time: 26s869ms
Epoch: 005 | Bleu scores: 60.480 | 41.965 | 27.654 | 17.742 | Evaluation time: 31s785ms
Epoch: 005 | Bleu scores: 59.437 | 41.390 | 27.200 | 17.091 | Evaluation time: 38s370ms
==> Epoch: 006
Epoch: 006 | Loss: 3.482 | Training time: 2m41s
Epoch: 006 | Loss: 4.224 | Validation time: 27s180ms
Epoch: 006 | Loss: 4.175 | Testing time: 27s107ms
Epoch: 006 | Bleu scores: 60.749 | 42.166 | 27.858 | 17.745 | Evaluation time: 20s726ms
Epoch: 006 | Bleu scores: 60.959 | 42.962 | 28.305 | 18.001 | Evaluation time: 33s420ms
==> Saving...
==> Drawing samples...
==> Epoch: 007
Epoch: 007 | Loss: 3.394 | Training time: 2m39s
Epoch: 007 | Loss: 4.249 | Validation time: 26s761ms
Epoch: 007 | Loss: 4.198 | Testing time: 27s162ms
Epoch: 007 | Bleu scores: 61.513 | 42.560 | 28.278 | 18.225 | Evaluation time: 31s635ms
Epoch: 007 | Bleu scores: 60.936 | 42.777 | 28.682 | 18.540 | Evaluation time: 34s844ms
==> Saving...
==> Drawing samples...
==> Epoch: 008
Epoch: 008 | Loss: 3.315 | Training time: 2m42s
Epoch: 008 | Loss: 4.237 | Validation time: 26s961ms
Epoch: 008 | Loss: 4.180 | Testing time: 27s14ms
Epoch: 008 | Bleu scores: 59.317 | 40.673 | 26.016 | 16.042 | Evaluation time: 22s789ms
Epoch: 008 | Bleu scores: 58.918 | 40.686 | 26.207 | 16.336 | Evaluation time: 29s185ms
==> Epoch: 009
Epoch: 009 | Loss: 3.245 | Training time: 2m40s
Epoch: 009 | Loss: 4.251 | Validation time: 27s247ms
Epoch: 009 | Loss: 4.188 | Testing time: 27s105ms
Epoch: 009 | Bleu scores: 60.560 | 42.089 | 27.847 | 17.740 | Evaluation time: 23s552ms
Epoch: 009 | Bleu scores: 60.775 | 42.584 | 28.425 | 18.161 | Evaluation time: 34s429ms
==> Epoch: 010
Epoch: 010 | Loss: 3.185 | Training time: 2m41s
Epoch: 010 | Loss: 4.284 | Validation time: 27s267ms
Epoch: 010 | Loss: 4.223 | Testing time: 26s972ms
Epoch: 010 | Bleu scores: 58.611 | 39.833 | 25.969 | 16.337 | Evaluation time: 20s847ms
Epoch: 010 | Bleu scores: 58.934 | 40.616 | 26.722 | 17.070 | Evaluation time: 22s62ms
==> Epoch: 011
Epoch: 011 | Loss: 3.130 | Training time: 2m40s
Epoch: 011 | Loss: 4.293 | Validation time: 27s47ms
Epoch: 011 | Loss: 4.224 | Testing time: 27s29ms
Epoch: 011 | Bleu scores: 60.468 | 41.715 | 27.536 | 17.716 | Evaluation time: 22s460ms
Epoch: 011 | Bleu scores: 60.988 | 42.293 | 27.906 | 17.880 | Evaluation time: 23s843ms
==> Epoch: 012
Epoch: 012 | Loss: 3.080 | Training time: 2m40s
Epoch: 012 | Loss: 4.310 | Validation time: 27s714ms
Epoch: 012 | Loss: 4.249 | Testing time: 27s41ms
Epoch: 012 | Bleu scores: 60.396 | 41.481 | 27.185 | 17.358 | Evaluation time: 23s997ms
Epoch: 012 | Bleu scores: 59.451 | 41.413 | 27.560 | 17.941 | Evaluation time: 30s930ms
==> Epoch: 013
Epoch: 013 | Loss: 3.033 | Training time: 2m41s
Epoch: 013 | Loss: 4.319 | Validation time: 27s73ms
Epoch: 013 | Loss: 4.249 | Testing time: 27s414ms
Epoch: 013 | Bleu scores: 59.005 | 40.146 | 26.312 | 16.558 | Evaluation time: 27s613ms
Epoch: 013 | Bleu scores: 58.384 | 40.216 | 26.480 | 16.864 | Evaluation time: 37s530ms
==> Epoch: 014
Epoch: 014 | Loss: 2.991 | Training time: 2m43s
Epoch: 014 | Loss: 4.336 | Validation time: 27s548ms
Epoch: 014 | Loss: 4.271 | Testing time: 27s100ms
Epoch: 014 | Bleu scores: 60.538 | 41.489 | 27.094 | 17.127 | Evaluation time: 31s506ms
Epoch: 014 | Bleu scores: 60.427 | 42.400 | 28.418 | 18.696 | Evaluation time: 34s848ms
==> Saving...
==> Drawing samples...
==> Epoch: 015
Epoch: 015 | Loss: 2.952 | Training time: 2m35s
Epoch: 015 | Loss: 4.324 | Validation time: 25s570ms
Epoch: 015 | Loss: 4.252 | Testing time: 25s318ms
Epoch: 015 | Bleu scores: 58.865 | 40.515 | 27.041 | 17.548 | Evaluation time: 31s794ms
Epoch: 015 | Bleu scores: 58.038 | 40.272 | 26.649 | 17.448 | Evaluation time: 35s157ms
==> Epoch: 016
Epoch: 016 | Loss: 2.915 | Training time: 2m30s
Epoch: 016 | Loss: 4.341 | Validation time: 25s645ms
Epoch: 016 | Loss: 4.271 | Testing time: 25s335ms
Epoch: 016 | Bleu scores: 59.877 | 41.041 | 26.838 | 17.191 | Evaluation time: 21s56ms
Epoch: 016 | Bleu scores: 60.236 | 41.783 | 27.802 | 17.911 | Evaluation time: 33s152ms
==> Epoch: 017
Epoch: 017 | Loss: 2.882 | Training time: 2m30s
Epoch: 017 | Loss: 4.358 | Validation time: 25s370ms
Epoch: 017 | Loss: 4.292 | Testing time: 25s480ms
Epoch: 017 | Bleu scores: 59.875 | 41.143 | 26.987 | 17.486 | Evaluation time: 30s978ms
Epoch: 017 | Bleu scores: 59.022 | 40.952 | 27.199 | 17.648 | Evaluation time: 30s305ms
==> Epoch: 018
Epoch: 018 | Loss: 2.851 | Training time: 2m31s
Epoch: 018 | Loss: 4.375 | Validation time: 25s269ms
Epoch: 018 | Loss: 4.306 | Testing time: 25s365ms
Epoch: 018 | Bleu scores: 59.841 | 40.944 | 26.737 | 17.206 | Evaluation time: 23s665ms
Epoch: 018 | Bleu scores: 59.563 | 41.352 | 27.475 | 17.978 | Evaluation time: 26s833ms
==> Epoch: 019
Epoch: 019 | Loss: 2.821 | Training time: 2m30s
Epoch: 019 | Loss: 4.380 | Validation time: 25s620ms
Epoch: 019 | Loss: 4.313 | Testing time: 25s272ms
Epoch: 019 | Bleu scores: 58.617 | 40.135 | 26.051 | 16.318 | Evaluation time: 30s975ms
Epoch: 019 | Bleu scores: 58.313 | 40.740 | 27.083 | 17.478 | Evaluation time: 30s537ms
==> Epoch: 020
Epoch: 020 | Loss: 2.791 | Training time: 2m30s
Epoch: 020 | Loss: 4.380 | Validation time: 25s309ms
Epoch: 020 | Loss: 4.321 | Testing time: 25s257ms
Epoch: 020 | Bleu scores: 58.192 | 39.378 | 25.723 | 16.560 | Evaluation time: 28s950ms
Epoch: 020 | Bleu scores: 58.768 | 40.093 | 26.330 | 16.590 | Evaluation time: 32s913ms
==> Epoch: 021
Epoch: 021 | Loss: 2.764 | Training time: 2m30s
Epoch: 021 | Loss: 4.397 | Validation time: 25s302ms
Epoch: 021 | Loss: 4.330 | Testing time: 25s519ms
Epoch: 021 | Bleu scores: 58.557 | 39.753 | 26.191 | 16.705 | Evaluation time: 26s684ms
Epoch: 021 | Bleu scores: 59.244 | 40.633 | 26.859 | 17.107 | Evaluation time: 30s620ms
==> Epoch: 022
Epoch: 022 | Loss: 2.741 | Training time: 2m32s
Epoch: 022 | Loss: 4.418 | Validation time: 25s525ms
Epoch: 022 | Loss: 4.352 | Testing time: 25s523ms
Epoch: 022 | Bleu scores: 59.200 | 40.398 | 26.483 | 16.723 | Evaluation time: 28s217ms
Epoch: 022 | Bleu scores: 59.327 | 41.012 | 27.106 | 17.463 | Evaluation time: 27s698ms
==> Epoch: 023
Epoch: 023 | Loss: 2.716 | Training time: 2m30s
Epoch: 023 | Loss: 4.432 | Validation time: 25s346ms
Epoch: 023 | Loss: 4.373 | Testing time: 25s365ms
Epoch: 023 | Bleu scores: 58.032 | 39.444 | 26.019 | 16.736 | Evaluation time: 28s491ms
Epoch: 023 | Bleu scores: 58.007 | 39.798 | 26.095 | 16.474 | Evaluation time: 29s984ms
==> Epoch: 024
Epoch: 024 | Loss: 2.695 | Training time: 2m31s
Epoch: 024 | Loss: 4.439 | Validation time: 25s303ms
Epoch: 024 | Loss: 4.373 | Testing time: 26s97ms
Epoch: 024 | Bleu scores: 59.989 | 41.363 | 27.243 | 17.048 | Evaluation time: 19s636ms
Epoch: 024 | Bleu scores: 59.713 | 41.186 | 27.248 | 17.644 | Evaluation time: 21s996ms
Total Time: 1h55m
==> Saving training/validation/testing loss...
==> Drawing loss and bleu scores...
==> Process finished.
